;  LST file generated by mikroListExporter - v.2.0 
; Date/Time: 29/09/2017 19:55:38
;----------------------------------------------

;Address Opcode 	ASM
0x0000	0xF001EF95  	GOTO        810
_interrupt:
0x0008	0xA0F0      	BTFSS       INTCON3, 0 
0x000A	0xD009      	BRA         L_interrupt2
0x000C	0x501D      	MOVF        _btj2, 0 
0x000E	0x101E      	IORWF       _btj2+1, 0 
0x0010	0xE106      	BNZ         L_interrupt2
L__interrupt96:
0x0012	0x0E01      	MOVLW       1
0x0014	0x6E1F      	MOVWF       _btj1 
0x0016	0x0E00      	MOVLW       0
0x0018	0x6E20      	MOVWF       _btj1+1 
0x001A	0x8482      	BSF         PORTC, 2 
0x001C	0x90F0      	BCF         INTCON3, 0 
L_interrupt2:
0x001E	0xA2F0      	BTFSS       INTCON3, 1 
0x0020	0xD009      	BRA         L_interrupt5
0x0022	0x501D      	MOVF        _btj2, 0 
0x0024	0x101E      	IORWF       _btj2+1, 0 
0x0026	0xE106      	BNZ         L_interrupt5
L__interrupt95:
0x0028	0x0E01      	MOVLW       1
0x002A	0x6E1D      	MOVWF       _btj2 
0x002C	0x0E00      	MOVLW       0
0x002E	0x6E1E      	MOVWF       _btj2+1 
0x0030	0x8682      	BSF         PORTC, 3 
0x0032	0x92F0      	BCF         INTCON3, 1 
L_interrupt5:
0x0034	0xA4F2      	BTFSS       INTCON, 2 
0x0036	0xD006      	BRA         L_interrupt6
0x0038	0x7882      	BTG         PORTC, 4 
0x003A	0x0EB5      	MOVLW       181
0x003C	0x6ED6      	MOVWF       TMR0L 
0x003E	0x0EB3      	MOVLW       179
0x0040	0x6ED7      	MOVWF       TMR0H 
0x0042	0x94F2      	BCF         INTCON, 2 
L_interrupt6:
L_end_interrupt:
L__interrupt109:
0x0044	0x0011      	RETFIE      1
; end of _interrupt
_respostae1:
0x0046	0x8083      	BSF         PORTD, 0 
0x0048	0x8480      	BSF         PORTA, 2 
0x004A	0x0E12      	MOVLW       18
0x004C	0x6E0B      	MOVWF       R11, 0
0x004E	0x0EC2      	MOVLW       194
0x0050	0x6E0C      	MOVWF       R12, 0
0x0052	0x0E66      	MOVLW       102
0x0054	0x6E0D      	MOVWF       R13, 0
L_respostae19:
0x0056	0x2E0D      	DECFSZ      R13, 1, 0
0x0058	0xD7FE      	BRA         L_respostae19
0x005A	0x2E0C      	DECFSZ      R12, 1, 0
0x005C	0xD7FC      	BRA         L_respostae19
0x005E	0x2E0B      	DECFSZ      R11, 1, 0
0x0060	0xD7FA      	BRA         L_respostae19
0x0062	0x0000      	NOP
0x0064	0x9083      	BCF         PORTD, 0 
0x0066	0x9480      	BCF         PORTA, 2 
0x0068	0x0E01      	MOVLW       1
0x006A	0x6E19      	MOVWF       _rp 
0x006C	0x0E00      	MOVLW       0
0x006E	0x6E1A      	MOVWF       _rp+1 
0x0070	0x8A82      	BSF         PORTC, 5 
L_end_respostae1:
0x0072	0x0012      	RETURN      0
; end of _respostae1
_respostac1:
0x0074	0x8080      	BSF         PORTA, 0 
0x0076	0x7082      	BTG         PORTC, 0 
0x0078	0x0E03      	MOVLW       3
0x007A	0x6E0B      	MOVWF       R11, 0
0x007C	0x0E8A      	MOVLW       138
0x007E	0x6E0C      	MOVWF       R12, 0
0x0080	0x0E55      	MOVLW       85
0x0082	0x6E0D      	MOVWF       R13, 0
L_respostac17:
0x0084	0x2E0D      	DECFSZ      R13, 1, 0
0x0086	0xD7FE      	BRA         L_respostac17
0x0088	0x2E0C      	DECFSZ      R12, 1, 0
0x008A	0xD7FC      	BRA         L_respostac17
0x008C	0x2E0B      	DECFSZ      R11, 1, 0
0x008E	0xD7FA      	BRA         L_respostac17
0x0090	0x0000      	NOP
0x0092	0x0000      	NOP
0x0094	0x7082      	BTG         PORTC, 0 
0x0096	0x0E12      	MOVLW       18
0x0098	0x6E0B      	MOVWF       R11, 0
0x009A	0x0EC2      	MOVLW       194
0x009C	0x6E0C      	MOVWF       R12, 0
0x009E	0x0E66      	MOVLW       102
0x00A0	0x6E0D      	MOVWF       R13, 0
L_respostac18:
0x00A2	0x2E0D      	DECFSZ      R13, 1, 0
0x00A4	0xD7FE      	BRA         L_respostac18
0x00A6	0x2E0C      	DECFSZ      R12, 1, 0
0x00A8	0xD7FC      	BRA         L_respostac18
0x00AA	0x2E0B      	DECFSZ      R11, 1, 0
0x00AC	0xD7FA      	BRA         L_respostac18
0x00AE	0x0000      	NOP
0x00B0	0x9080      	BCF         PORTA, 0 
0x00B2	0x0E01      	MOVLW       1
0x00B4	0x6E19      	MOVWF       _rp 
0x00B6	0x0E00      	MOVLW       0
0x00B8	0x6E1A      	MOVWF       _rp+1 
0x00BA	0x8A82      	BSF         PORTC, 5 
L_end_respostac1:
0x00BC	0x0012      	RETURN      0
; end of _respostac1
_respostac2:
0x00BE	0x8680      	BSF         PORTA, 3 
0x00C0	0x7282      	BTG         PORTC, 1 
0x00C2	0x0E03      	MOVLW       3
0x00C4	0x6E0B      	MOVWF       R11, 0
0x00C6	0x0E8A      	MOVLW       138
0x00C8	0x6E0C      	MOVWF       R12, 0
0x00CA	0x0E55      	MOVLW       85
0x00CC	0x6E0D      	MOVWF       R13, 0
L_respostac210:
0x00CE	0x2E0D      	DECFSZ      R13, 1, 0
0x00D0	0xD7FE      	BRA         L_respostac210
0x00D2	0x2E0C      	DECFSZ      R12, 1, 0
0x00D4	0xD7FC      	BRA         L_respostac210
0x00D6	0x2E0B      	DECFSZ      R11, 1, 0
0x00D8	0xD7FA      	BRA         L_respostac210
0x00DA	0x0000      	NOP
0x00DC	0x0000      	NOP
0x00DE	0x7282      	BTG         PORTC, 1 
0x00E0	0x0E12      	MOVLW       18
0x00E2	0x6E0B      	MOVWF       R11, 0
0x00E4	0x0EC2      	MOVLW       194
0x00E6	0x6E0C      	MOVWF       R12, 0
0x00E8	0x0E66      	MOVLW       102
0x00EA	0x6E0D      	MOVWF       R13, 0
L_respostac211:
0x00EC	0x2E0D      	DECFSZ      R13, 1, 0
0x00EE	0xD7FE      	BRA         L_respostac211
0x00F0	0x2E0C      	DECFSZ      R12, 1, 0
0x00F2	0xD7FC      	BRA         L_respostac211
0x00F4	0x2E0B      	DECFSZ      R11, 1, 0
0x00F6	0xD7FA      	BRA         L_respostac211
0x00F8	0x0000      	NOP
0x00FA	0x9680      	BCF         PORTA, 3 
0x00FC	0x0E01      	MOVLW       1
0x00FE	0x6E19      	MOVWF       _rp 
0x0100	0x0E00      	MOVLW       0
0x0102	0x6E1A      	MOVWF       _rp+1 
0x0104	0x8A82      	BSF         PORTC, 5 
L_end_respostac2:
0x0106	0x0012      	RETURN      0
; end of _respostac2
_respostae2:
0x0108	0x8083      	BSF         PORTD, 0 
0x010A	0x8280      	BSF         PORTA, 1 
0x010C	0x0E12      	MOVLW       18
0x010E	0x6E0B      	MOVWF       R11, 0
0x0110	0x0EC2      	MOVLW       194
0x0112	0x6E0C      	MOVWF       R12, 0
0x0114	0x0E66      	MOVLW       102
0x0116	0x6E0D      	MOVWF       R13, 0
L_respostae212:
0x0118	0x2E0D      	DECFSZ      R13, 1, 0
0x011A	0xD7FE      	BRA         L_respostae212
0x011C	0x2E0C      	DECFSZ      R12, 1, 0
0x011E	0xD7FC      	BRA         L_respostae212
0x0120	0x2E0B      	DECFSZ      R11, 1, 0
0x0122	0xD7FA      	BRA         L_respostae212
0x0124	0x0000      	NOP
0x0126	0x9083      	BCF         PORTD, 0 
0x0128	0x9280      	BCF         PORTA, 1 
0x012A	0x0E01      	MOVLW       1
0x012C	0x6E19      	MOVWF       _rp 
0x012E	0x0E00      	MOVLW       0
0x0130	0x6E1A      	MOVWF       _rp+1 
0x0132	0x8A82      	BSF         PORTC, 5 
L_end_respostae2:
0x0134	0x0012      	RETURN      0
; end of _respostae2
_resposta1:
L_resposta113:
0x0136	0x5019      	MOVF        _rp, 0 
0x0138	0x101A      	IORWF       _rp+1, 0 
0x013A	0xA4D8      	BTFSS       STATUS, 2 
0x013C	0xD072      	BRA         L_resposta114
0x013E	0xAC82      	BTFSS       PORTC, 6 
0x0140	0xD01A      	BRA         L_resposta115
0x0142	0x8083      	BSF         PORTD, 0 
0x0144	0x0E01      	MOVLW       1
0x0146	0x6E17      	MOVWF       _ft 
0x0148	0x0E00      	MOVLW       0
0x014A	0x6E18      	MOVWF       _ft+1 
0x014C	0x8480      	BSF         PORTA, 2 
0x014E	0x0E12      	MOVLW       18
0x0150	0x6E0B      	MOVWF       R11, 0
0x0152	0x0EC2      	MOVLW       194
0x0154	0x6E0C      	MOVWF       R12, 0
0x0156	0x0E66      	MOVLW       102
0x0158	0x6E0D      	MOVWF       R13, 0
L_resposta116:
0x015A	0x2E0D      	DECFSZ      R13, 1, 0
0x015C	0xD7FE      	BRA         L_resposta116
0x015E	0x2E0C      	DECFSZ      R12, 1, 0
0x0160	0xD7FC      	BRA         L_resposta116
0x0162	0x2E0B      	DECFSZ      R11, 1, 0
0x0164	0xD7FA      	BRA         L_resposta116
0x0166	0x0000      	NOP
0x0168	0x9083      	BCF         PORTD, 0 
0x016A	0x9480      	BCF         PORTA, 2 
0x016C	0x0E01      	MOVLW       1
0x016E	0x6E19      	MOVWF       _rp 
0x0170	0x0E00      	MOVLW       0
0x0172	0x6E1A      	MOVWF       _rp+1 
0x0174	0x8A82      	BSF         PORTC, 5 
L_resposta115:
0x0176	0xA081      	BTFSS       PORTB, 0 
0x0178	0xD00F      	BRA         L_resposta119
0x017A	0x5017      	MOVF        _ft, 0 
0x017C	0x1018      	IORWF       _ft+1, 0 
0x017E	0xE10C      	BNZ         L_resposta119
0x0180	0x5019      	MOVF        _rp, 0 
0x0182	0x101A      	IORWF       _rp+1, 0 
0x0184	0xE109      	BNZ         L_resposta119
L__resposta1101:
0x0186	0x0E00      	MOVLW       0
0x0188	0x1816      	XORWF       _resp+1, 0 
0x018A	0xE102      	BNZ         L__resposta1115
0x018C	0x0E01      	MOVLW       1
0x018E	0x1815      	XORWF       _resp, 0 
L__resposta1115:
0x0190	0xE102      	BNZ         L_resposta120
0x0192	0xDF70      	RCALL       _respostac1
0x0194	0xD001      	BRA         L_resposta121
L_resposta120:
0x0196	0xDF57      	RCALL       _respostae1
L_resposta121:
L_resposta119:
0x0198	0xA681      	BTFSS       PORTB, 3 
0x019A	0xD00F      	BRA         L_resposta124
0x019C	0x5017      	MOVF        _ft, 0 
0x019E	0x1018      	IORWF       _ft+1, 0 
0x01A0	0xE10C      	BNZ         L_resposta124
0x01A2	0x5019      	MOVF        _rp, 0 
0x01A4	0x101A      	IORWF       _rp+1, 0 
0x01A6	0xE109      	BNZ         L_resposta124
L__resposta1100:
0x01A8	0x0E00      	MOVLW       0
0x01AA	0x1816      	XORWF       _resp+1, 0 
0x01AC	0xE102      	BNZ         L__resposta1116
0x01AE	0x0E02      	MOVLW       2
0x01B0	0x1815      	XORWF       _resp, 0 
L__resposta1116:
0x01B2	0xE102      	BNZ         L_resposta125
0x01B4	0xDF5F      	RCALL       _respostac1
0x01B6	0xD001      	BRA         L_resposta126
L_resposta125:
0x01B8	0xDF46      	RCALL       _respostae1
L_resposta126:
L_resposta124:
0x01BA	0xA881      	BTFSS       PORTB, 4 
0x01BC	0xD00F      	BRA         L_resposta129
0x01BE	0x5017      	MOVF        _ft, 0 
0x01C0	0x1018      	IORWF       _ft+1, 0 
0x01C2	0xE10C      	BNZ         L_resposta129
0x01C4	0x5019      	MOVF        _rp, 0 
0x01C6	0x101A      	IORWF       _rp+1, 0 
0x01C8	0xE109      	BNZ         L_resposta129
L__resposta199:
0x01CA	0x0E00      	MOVLW       0
0x01CC	0x1816      	XORWF       _resp+1, 0 
0x01CE	0xE102      	BNZ         L__resposta1117
0x01D0	0x0E03      	MOVLW       3
0x01D2	0x1815      	XORWF       _resp, 0 
L__resposta1117:
0x01D4	0xE102      	BNZ         L_resposta130
0x01D6	0xDF4E      	RCALL       _respostac1
0x01D8	0xD001      	BRA         L_resposta131
L_resposta130:
0x01DA	0xDF35      	RCALL       _respostae1
L_resposta131:
L_resposta129:
0x01DC	0xAA81      	BTFSS       PORTB, 5 
0x01DE	0xD00F      	BRA         L_resposta134
0x01E0	0x5017      	MOVF        _ft, 0 
0x01E2	0x1018      	IORWF       _ft+1, 0 
0x01E4	0xE10C      	BNZ         L_resposta134
0x01E6	0x5019      	MOVF        _rp, 0 
0x01E8	0x101A      	IORWF       _rp+1, 0 
0x01EA	0xE109      	BNZ         L_resposta134
L__resposta198:
0x01EC	0x0E00      	MOVLW       0
0x01EE	0x1816      	XORWF       _resp+1, 0 
0x01F0	0xE102      	BNZ         L__resposta1118
0x01F2	0x0E04      	MOVLW       4
0x01F4	0x1815      	XORWF       _resp, 0 
L__resposta1118:
0x01F6	0xE102      	BNZ         L_resposta135
0x01F8	0xDF3D      	RCALL       _respostac1
0x01FA	0xD001      	BRA         L_resposta136
L_resposta135:
0x01FC	0xDF24      	RCALL       _respostae1
L_resposta136:
L_resposta134:
0x01FE	0xAC81      	BTFSS       PORTB, 6 
0x0200	0xD00F      	BRA         L_resposta139
0x0202	0x5017      	MOVF        _ft, 0 
0x0204	0x1018      	IORWF       _ft+1, 0 
0x0206	0xE10C      	BNZ         L_resposta139
0x0208	0x5019      	MOVF        _rp, 0 
0x020A	0x101A      	IORWF       _rp+1, 0 
0x020C	0xE109      	BNZ         L_resposta139
L__resposta197:
0x020E	0x0E00      	MOVLW       0
0x0210	0x1816      	XORWF       _resp+1, 0 
0x0212	0xE102      	BNZ         L__resposta1119
0x0214	0x0E05      	MOVLW       5
0x0216	0x1815      	XORWF       _resp, 0 
L__resposta1119:
0x0218	0xE102      	BNZ         L_resposta140
0x021A	0xDF2C      	RCALL       _respostac1
0x021C	0xD001      	BRA         L_resposta141
L_resposta140:
0x021E	0xDF13      	RCALL       _respostae1
L_resposta141:
L_resposta139:
0x0220	0xD78A      	BRA         L_resposta113
L_resposta114:
0x0222	0x6A19      	CLRF        _rp 
0x0224	0x6A1A      	CLRF        _rp+1 
L_end_resposta1:
0x0226	0x0012      	RETURN      0
; end of _resposta1
___CC2DW:
_CC2DL_Loop1:
0x0228	0x0009      	TBLRD*+
0x022A	0xFFE6CFF5  	MOVFF       TABLAT, POSTINC1
0x022E	0x0600      	DECF        R0, 1, 0
0x0230	0xE1FB      	BNZ         _CC2DL_Loop1
0x0232	0x0601      	DECF        R1, 1, 0
0x0234	0xE1F9      	BNZ         _CC2DL_Loop1
L_end___CC2DW:
0x0236	0x0012      	RETURN      0
; end of ___CC2DW
_resposta2:
L_resposta242:
0x0238	0x5019      	MOVF        _rp, 0 
0x023A	0x101A      	IORWF       _rp+1, 0 
0x023C	0xA4D8      	BTFSS       STATUS, 2 
0x023E	0xD072      	BRA         L_resposta243
0x0240	0xAC82      	BTFSS       PORTC, 6 
0x0242	0xD01A      	BRA         L_resposta244
0x0244	0x8083      	BSF         PORTD, 0 
0x0246	0x0E01      	MOVLW       1
0x0248	0x6E17      	MOVWF       _ft 
0x024A	0x0E00      	MOVLW       0
0x024C	0x6E18      	MOVWF       _ft+1 
0x024E	0x8280      	BSF         PORTA, 1 
0x0250	0x0E12      	MOVLW       18
0x0252	0x6E0B      	MOVWF       R11, 0
0x0254	0x0EC2      	MOVLW       194
0x0256	0x6E0C      	MOVWF       R12, 0
0x0258	0x0E66      	MOVLW       102
0x025A	0x6E0D      	MOVWF       R13, 0
L_resposta245:
0x025C	0x2E0D      	DECFSZ      R13, 1, 0
0x025E	0xD7FE      	BRA         L_resposta245
0x0260	0x2E0C      	DECFSZ      R12, 1, 0
0x0262	0xD7FC      	BRA         L_resposta245
0x0264	0x2E0B      	DECFSZ      R11, 1, 0
0x0266	0xD7FA      	BRA         L_resposta245
0x0268	0x0000      	NOP
0x026A	0x9083      	BCF         PORTD, 0 
0x026C	0x9280      	BCF         PORTA, 1 
0x026E	0x0E01      	MOVLW       1
0x0270	0x6E19      	MOVWF       _rp 
0x0272	0x0E00      	MOVLW       0
0x0274	0x6E1A      	MOVWF       _rp+1 
0x0276	0x8A82      	BSF         PORTC, 5 
L_resposta244:
0x0278	0xA081      	BTFSS       PORTB, 0 
0x027A	0xD00F      	BRA         L_resposta248
0x027C	0x5017      	MOVF        _ft, 0 
0x027E	0x1018      	IORWF       _ft+1, 0 
0x0280	0xE10C      	BNZ         L_resposta248
0x0282	0x5019      	MOVF        _rp, 0 
0x0284	0x101A      	IORWF       _rp+1, 0 
0x0286	0xE109      	BNZ         L_resposta248
L__resposta2106:
0x0288	0x0E00      	MOVLW       0
0x028A	0x1816      	XORWF       _resp+1, 0 
0x028C	0xE102      	BNZ         L__resposta2121
0x028E	0x0E01      	MOVLW       1
0x0290	0x1815      	XORWF       _resp, 0 
L__resposta2121:
0x0292	0xE102      	BNZ         L_resposta249
0x0294	0xDF14      	RCALL       _respostac2
0x0296	0xD001      	BRA         L_resposta250
L_resposta249:
0x0298	0xDF37      	RCALL       _respostae2
L_resposta250:
L_resposta248:
0x029A	0xA681      	BTFSS       PORTB, 3 
0x029C	0xD00F      	BRA         L_resposta253
0x029E	0x5017      	MOVF        _ft, 0 
0x02A0	0x1018      	IORWF       _ft+1, 0 
0x02A2	0xE10C      	BNZ         L_resposta253
0x02A4	0x5019      	MOVF        _rp, 0 
0x02A6	0x101A      	IORWF       _rp+1, 0 
0x02A8	0xE109      	BNZ         L_resposta253
L__resposta2105:
0x02AA	0x0E00      	MOVLW       0
0x02AC	0x1816      	XORWF       _resp+1, 0 
0x02AE	0xE102      	BNZ         L__resposta2122
0x02B0	0x0E02      	MOVLW       2
0x02B2	0x1815      	XORWF       _resp, 0 
L__resposta2122:
0x02B4	0xE102      	BNZ         L_resposta254
0x02B6	0xDF03      	RCALL       _respostac2
0x02B8	0xD001      	BRA         L_resposta255
L_resposta254:
0x02BA	0xDF26      	RCALL       _respostae2
L_resposta255:
L_resposta253:
0x02BC	0xA881      	BTFSS       PORTB, 4 
0x02BE	0xD00F      	BRA         L_resposta258
0x02C0	0x5017      	MOVF        _ft, 0 
0x02C2	0x1018      	IORWF       _ft+1, 0 
0x02C4	0xE10C      	BNZ         L_resposta258
0x02C6	0x5019      	MOVF        _rp, 0 
0x02C8	0x101A      	IORWF       _rp+1, 0 
0x02CA	0xE109      	BNZ         L_resposta258
L__resposta2104:
0x02CC	0x0E00      	MOVLW       0
0x02CE	0x1816      	XORWF       _resp+1, 0 
0x02D0	0xE102      	BNZ         L__resposta2123
0x02D2	0x0E03      	MOVLW       3
0x02D4	0x1815      	XORWF       _resp, 0 
L__resposta2123:
0x02D6	0xE102      	BNZ         L_resposta259
0x02D8	0xDEF2      	RCALL       _respostac2
0x02DA	0xD001      	BRA         L_resposta260
L_resposta259:
0x02DC	0xDF15      	RCALL       _respostae2
L_resposta260:
L_resposta258:
0x02DE	0xAA81      	BTFSS       PORTB, 5 
0x02E0	0xD00F      	BRA         L_resposta263
0x02E2	0x5017      	MOVF        _ft, 0 
0x02E4	0x1018      	IORWF       _ft+1, 0 
0x02E6	0xE10C      	BNZ         L_resposta263
0x02E8	0x5019      	MOVF        _rp, 0 
0x02EA	0x101A      	IORWF       _rp+1, 0 
0x02EC	0xE109      	BNZ         L_resposta263
L__resposta2103:
0x02EE	0x0E00      	MOVLW       0
0x02F0	0x1816      	XORWF       _resp+1, 0 
0x02F2	0xE102      	BNZ         L__resposta2124
0x02F4	0x0E04      	MOVLW       4
0x02F6	0x1815      	XORWF       _resp, 0 
L__resposta2124:
0x02F8	0xE102      	BNZ         L_resposta264
0x02FA	0xDEE1      	RCALL       _respostac2
0x02FC	0xD001      	BRA         L_resposta265
L_resposta264:
0x02FE	0xDF04      	RCALL       _respostae2
L_resposta265:
L_resposta263:
0x0300	0xAC81      	BTFSS       PORTB, 6 
0x0302	0xD00F      	BRA         L_resposta268
0x0304	0x5017      	MOVF        _ft, 0 
0x0306	0x1018      	IORWF       _ft+1, 0 
0x0308	0xE10C      	BNZ         L_resposta268
0x030A	0x5019      	MOVF        _rp, 0 
0x030C	0x101A      	IORWF       _rp+1, 0 
0x030E	0xE109      	BNZ         L_resposta268
L__resposta2102:
0x0310	0x0E00      	MOVLW       0
0x0312	0x1816      	XORWF       _resp+1, 0 
0x0314	0xE102      	BNZ         L__resposta2125
0x0316	0x0E05      	MOVLW       5
0x0318	0x1815      	XORWF       _resp, 0 
L__resposta2125:
0x031A	0xE102      	BNZ         L_resposta269
0x031C	0xDED0      	RCALL       _respostac2
0x031E	0xD001      	BRA         L_resposta270
L_resposta269:
0x0320	0xDEF3      	RCALL       _respostae2
L_resposta270:
L_resposta268:
0x0322	0xD78A      	BRA         L_resposta242
L_resposta243:
0x0324	0x6A19      	CLRF        _rp 
0x0326	0x6A1A      	CLRF        _rp+1 
L_end_resposta2:
0x0328	0x0012      	RETURN      0
; end of _resposta2
_main:
0x032A	0x6A1F      	CLRF        _btj1 
0x032C	0x6A20      	CLRF        _btj1+1 
0x032E	0x6A1D      	CLRF        _btj2 
0x0330	0x6A1E      	CLRF        _btj2+1 
0x0332	0x6A15      	CLRF        _resp 
0x0334	0x6A16      	CLRF        _resp+1 
0x0336	0x6A17      	CLRF        _ft 
0x0338	0x6A18      	CLRF        _ft+1 
0x033A	0x6A19      	CLRF        _rp 
0x033C	0x6A1A      	CLRF        _rp+1 
0x033E	0x0E01      	MOVLW       1
0x0340	0x6E1B      	MOVWF       _perg 
0x0342	0x0E00      	MOVLW       0
0x0344	0x6E1C      	MOVWF       _perg+1 
0x0346	0x0E0F      	MOVLW       15
0x0348	0x6EC1      	MOVWF       ADCON1 
0x034A	0x8EF2      	BSF         INTCON, 7 
0x034C	0x8CF2      	BSF         INTCON, 6 
0x034E	0x8ED0      	BSF         RCON, 7 
0x0350	0x86F0      	BSF         INTCON3, 3 
0x0352	0x90F0      	BCF         INTCON3, 0 
0x0354	0x8CF0      	BSF         INTCON3, 6 
0x0356	0x8293      	BSF         TRISB, 1 
0x0358	0x9AF1      	BCF         INTCON2, 5 
0x035A	0x88F0      	BSF         INTCON3, 4 
0x035C	0x92F0      	BCF         INTCON3, 1 
0x035E	0x8EF0      	BSF         INTCON3, 7 
0x0360	0x8493      	BSF         TRISB, 2 
0x0362	0x98F1      	BCF         INTCON2, 4 
0x0364	0x6A94      	CLRF        TRISC 
0x0366	0x6A82      	CLRF        PORTC 
0x0368	0x0E86      	MOVLW       134
0x036A	0x6ED5      	MOVWF       T0CON 
0x036C	0x0EB5      	MOVLW       181
0x036E	0x6ED6      	MOVWF       TMR0L 
0x0370	0x0EB3      	MOVLW       179
0x0372	0x6ED7      	MOVWF       TMR0H 
0x0374	0x94F2      	BCF         INTCON, 2 
0x0376	0x84F1      	BSF         INTCON2, 2 
0x0378	0x8CF2      	BSF         INTCON, 6 
0x037A	0x8AF2      	BSF         INTCON, 5 
0x037C	0x0EF0      	MOVLW       240
0x037E	0x6E92      	MOVWF       TRISA 
0x0380	0x0EFE      	MOVLW       254
0x0382	0x6E93      	MOVWF       TRISB 
0x0384	0x0E40      	MOVLW       64
0x0386	0x6E94      	MOVWF       TRISC 
0x0388	0x9095      	BCF         TRISD, 0 
L_main71:
L_main73:
0x038A	0x501F      	MOVF        _btj1, 0 
0x038C	0x1020      	IORWF       _btj1+1, 0 
0x038E	0xE119      	BNZ         L_main74
0x0390	0x501D      	MOVF        _btj2, 0 
0x0392	0x101E      	IORWF       _btj2+1, 0 
0x0394	0xE116      	BNZ         L_main74
L__main107:
0x0396	0x0E00      	MOVLW       0
0x0398	0x181C      	XORWF       _perg+1, 0 
0x039A	0xE102      	BNZ         L__main127
0x039C	0x0E01      	MOVLW       1
0x039E	0x181B      	XORWF       _perg, 0 
L__main127:
0x03A0	0xE10F      	BNZ         L_main77
0x03A2	0x8E82      	BSF         PORTC, 7 
0x03A4	0x0E1A      	MOVLW       26
0x03A6	0x6E0B      	MOVWF       R11, 0
0x03A8	0x0E5E      	MOVLW       94
0x03AA	0x6E0C      	MOVWF       R12, 0
0x03AC	0x0E6E      	MOVLW       110
0x03AE	0x6E0D      	MOVWF       R13, 0
L_main78:
0x03B0	0x2E0D      	DECFSZ      R13, 1, 0
0x03B2	0xD7FE      	BRA         L_main78
0x03B4	0x2E0C      	DECFSZ      R12, 1, 0
0x03B6	0xD7FC      	BRA         L_main78
0x03B8	0x2E0B      	DECFSZ      R11, 1, 0
0x03BA	0xD7FA      	BRA         L_main78
0x03BC	0x0000      	NOP
0x03BE	0x9E82      	BCF         PORTC, 7 
L_main77:
0x03C0	0xD7E4      	BRA         L_main73
L_main74:
0x03C2	0x501F      	MOVF        _btj1, 0 
0x03C4	0x1020      	IORWF       _btj1+1, 0 
0x03C6	0xE059      	BZ          L_main79
0x03C8	0x9E82      	BCF         PORTC, 7 
0x03CA	0x8A82      	BSF         PORTC, 5 
0x03CC	0x0E00      	MOVLW       0
0x03CE	0x181C      	XORWF       _perg+1, 0 
0x03D0	0xE102      	BNZ         L__main128
0x03D2	0x0E01      	MOVLW       1
0x03D4	0x181B      	XORWF       _perg, 0 
L__main128:
0x03D6	0xE107      	BNZ         L_main80
0x03D8	0x0E04      	MOVLW       4
0x03DA	0x6E15      	MOVWF       _resp 
0x03DC	0x0E00      	MOVLW       0
0x03DE	0x6E16      	MOVWF       _resp+1 
0x03E0	0xDEAA      	RCALL       _resposta1
0x03E2	0x9482      	BCF         PORTC, 2 
0x03E4	0x9A82      	BCF         PORTC, 5 
L_main80:
0x03E6	0x0E00      	MOVLW       0
0x03E8	0x181C      	XORWF       _perg+1, 0 
0x03EA	0xE102      	BNZ         L__main129
0x03EC	0x0E02      	MOVLW       2
0x03EE	0x181B      	XORWF       _perg, 0 
L__main129:
0x03F0	0xE107      	BNZ         L_main81
0x03F2	0x0E01      	MOVLW       1
0x03F4	0x6E15      	MOVWF       _resp 
0x03F6	0x0E00      	MOVLW       0
0x03F8	0x6E16      	MOVWF       _resp+1 
0x03FA	0xDE9D      	RCALL       _resposta1
0x03FC	0x9482      	BCF         PORTC, 2 
0x03FE	0x9A82      	BCF         PORTC, 5 
L_main81:
0x0400	0x0E00      	MOVLW       0
0x0402	0x181C      	XORWF       _perg+1, 0 
0x0404	0xE102      	BNZ         L__main130
0x0406	0x0E03      	MOVLW       3
0x0408	0x181B      	XORWF       _perg, 0 
L__main130:
0x040A	0xE107      	BNZ         L_main82
0x040C	0x0E02      	MOVLW       2
0x040E	0x6E15      	MOVWF       _resp 
0x0410	0x0E00      	MOVLW       0
0x0412	0x6E16      	MOVWF       _resp+1 
0x0414	0xDE90      	RCALL       _resposta1
0x0416	0x9482      	BCF         PORTC, 2 
0x0418	0x9A82      	BCF         PORTC, 5 
L_main82:
0x041A	0x0E00      	MOVLW       0
0x041C	0x181C      	XORWF       _perg+1, 0 
0x041E	0xE102      	BNZ         L__main131
0x0420	0x0E04      	MOVLW       4
0x0422	0x181B      	XORWF       _perg, 0 
L__main131:
0x0424	0xE107      	BNZ         L_main83
0x0426	0x0E01      	MOVLW       1
0x0428	0x6E15      	MOVWF       _resp 
0x042A	0x0E00      	MOVLW       0
0x042C	0x6E16      	MOVWF       _resp+1 
0x042E	0xDE83      	RCALL       _resposta1
0x0430	0x9482      	BCF         PORTC, 2 
0x0432	0x9A82      	BCF         PORTC, 5 
L_main83:
0x0434	0x0E00      	MOVLW       0
0x0436	0x181C      	XORWF       _perg+1, 0 
0x0438	0xE102      	BNZ         L__main132
0x043A	0x0E05      	MOVLW       5
0x043C	0x181B      	XORWF       _perg, 0 
L__main132:
0x043E	0xE107      	BNZ         L_main84
0x0440	0x0E04      	MOVLW       4
0x0442	0x6E15      	MOVWF       _resp 
0x0444	0x0E00      	MOVLW       0
0x0446	0x6E16      	MOVWF       _resp+1 
0x0448	0xDE76      	RCALL       _resposta1
0x044A	0x9482      	BCF         PORTC, 2 
0x044C	0x9A82      	BCF         PORTC, 5 
L_main84:
0x044E	0x0E80      	MOVLW       128
0x0450	0x6E00      	MOVWF       R0 
0x0452	0x0E80      	MOVLW       128
0x0454	0x181C      	XORWF       _perg+1, 0 
0x0456	0x5C00      	SUBWF       R0, 0 
0x0458	0xE102      	BNZ         L__main133
0x045A	0x501B      	MOVF        _perg, 0 
0x045C	0x0805      	SUBLW       5
L__main133:
0x045E	0xE306      	BNC         L_main85
0x0460	0x4A1B      	INFSNZ      _perg, 1 
0x0462	0x2A1C      	INCF        _perg+1, 1 
0x0464	0x6A1F      	CLRF        _btj1 
0x0466	0x6A20      	CLRF        _btj1+1 
0x0468	0x9482      	BCF         PORTC, 2 
0x046A	0xD007      	BRA         L_main86
L_main85:
0x046C	0x0E01      	MOVLW       1
0x046E	0x6E1B      	MOVWF       _perg 
0x0470	0x0E00      	MOVLW       0
0x0472	0x6E1C      	MOVWF       _perg+1 
0x0474	0x6A1F      	CLRF        _btj1 
0x0476	0x6A20      	CLRF        _btj1+1 
0x0478	0x9482      	BCF         PORTC, 2 
L_main86:
L_main79:
0x047A	0x501D      	MOVF        _btj2, 0 
0x047C	0x101E      	IORWF       _btj2+1, 0 
0x047E	0xE059      	BZ          L_main87
0x0480	0x9E82      	BCF         PORTC, 7 
0x0482	0x8A82      	BSF         PORTC, 5 
0x0484	0x0E00      	MOVLW       0
0x0486	0x181C      	XORWF       _perg+1, 0 
0x0488	0xE102      	BNZ         L__main134
0x048A	0x0E01      	MOVLW       1
0x048C	0x181B      	XORWF       _perg, 0 
L__main134:
0x048E	0xE107      	BNZ         L_main88
0x0490	0x0E04      	MOVLW       4
0x0492	0x6E15      	MOVWF       _resp 
0x0494	0x0E00      	MOVLW       0
0x0496	0x6E16      	MOVWF       _resp+1 
0x0498	0xDECF      	RCALL       _resposta2
0x049A	0x9682      	BCF         PORTC, 3 
0x049C	0x9A82      	BCF         PORTC, 5 
L_main88:
0x049E	0x0E00      	MOVLW       0
0x04A0	0x181C      	XORWF       _perg+1, 0 
0x04A2	0xE102      	BNZ         L__main135
0x04A4	0x0E02      	MOVLW       2
0x04A6	0x181B      	XORWF       _perg, 0 
L__main135:
0x04A8	0xE107      	BNZ         L_main89
0x04AA	0x0E01      	MOVLW       1
0x04AC	0x6E15      	MOVWF       _resp 
0x04AE	0x0E00      	MOVLW       0
0x04B0	0x6E16      	MOVWF       _resp+1 
0x04B2	0xDEC2      	RCALL       _resposta2
0x04B4	0x9682      	BCF         PORTC, 3 
0x04B6	0x9A82      	BCF         PORTC, 5 
L_main89:
0x04B8	0x0E00      	MOVLW       0
0x04BA	0x181C      	XORWF       _perg+1, 0 
0x04BC	0xE102      	BNZ         L__main136
0x04BE	0x0E03      	MOVLW       3
0x04C0	0x181B      	XORWF       _perg, 0 
L__main136:
0x04C2	0xE107      	BNZ         L_main90
0x04C4	0x0E02      	MOVLW       2
0x04C6	0x6E15      	MOVWF       _resp 
0x04C8	0x0E00      	MOVLW       0
0x04CA	0x6E16      	MOVWF       _resp+1 
0x04CC	0xDEB5      	RCALL       _resposta2
0x04CE	0x9682      	BCF         PORTC, 3 
0x04D0	0x9A82      	BCF         PORTC, 5 
L_main90:
0x04D2	0x0E00      	MOVLW       0
0x04D4	0x181C      	XORWF       _perg+1, 0 
0x04D6	0xE102      	BNZ         L__main137
0x04D8	0x0E04      	MOVLW       4
0x04DA	0x181B      	XORWF       _perg, 0 
L__main137:
0x04DC	0xE107      	BNZ         L_main91
0x04DE	0x0E01      	MOVLW       1
0x04E0	0x6E15      	MOVWF       _resp 
0x04E2	0x0E00      	MOVLW       0
0x04E4	0x6E16      	MOVWF       _resp+1 
0x04E6	0xDEA8      	RCALL       _resposta2
0x04E8	0x9682      	BCF         PORTC, 3 
0x04EA	0x9A82      	BCF         PORTC, 5 
L_main91:
0x04EC	0x0E00      	MOVLW       0
0x04EE	0x181C      	XORWF       _perg+1, 0 
0x04F0	0xE102      	BNZ         L__main138
0x04F2	0x0E05      	MOVLW       5
0x04F4	0x181B      	XORWF       _perg, 0 
L__main138:
0x04F6	0xE107      	BNZ         L_main92
0x04F8	0x0E04      	MOVLW       4
0x04FA	0x6E15      	MOVWF       _resp 
0x04FC	0x0E00      	MOVLW       0
0x04FE	0x6E16      	MOVWF       _resp+1 
0x0500	0xDE9B      	RCALL       _resposta2
0x0502	0x9682      	BCF         PORTC, 3 
0x0504	0x9A82      	BCF         PORTC, 5 
L_main92:
0x0506	0x0E80      	MOVLW       128
0x0508	0x6E00      	MOVWF       R0 
0x050A	0x0E80      	MOVLW       128
0x050C	0x181C      	XORWF       _perg+1, 0 
0x050E	0x5C00      	SUBWF       R0, 0 
0x0510	0xE102      	BNZ         L__main139
0x0512	0x501B      	MOVF        _perg, 0 
0x0514	0x0805      	SUBLW       5
L__main139:
0x0516	0xE306      	BNC         L_main93
0x0518	0x4A1B      	INFSNZ      _perg, 1 
0x051A	0x2A1C      	INCF        _perg+1, 1 
0x051C	0x6A1D      	CLRF        _btj2 
0x051E	0x6A1E      	CLRF        _btj2+1 
0x0520	0x9682      	BCF         PORTC, 3 
0x0522	0xD007      	BRA         L_main94
L_main93:
0x0524	0x0E01      	MOVLW       1
0x0526	0x6E1B      	MOVWF       _perg 
0x0528	0x0E00      	MOVLW       0
0x052A	0x6E1C      	MOVWF       _perg+1 
0x052C	0x6A1D      	CLRF        _btj2 
0x052E	0x6A1E      	CLRF        _btj2+1 
0x0530	0x9682      	BCF         PORTC, 3 
L_main94:
L_main87:
0x0532	0xD72B      	BRA         L_main71
L_end_main:
0x0534	0xD7FF      	BRA         $+0
; end of _main
Symbol List:
//** Routines locations **
//ADDRESS    SIZE    PROCEDURE
//----------------------------------------------
0x0008      [62]    _interrupt
0x0046      [46]    _respostae1
0x0074      [74]    _respostac1
0x00BE      [74]    _respostac2
0x0108      [46]    _respostae2
0x0136     [242]    _resposta1
0x0228      [16]    ___CC2DW
0x0238     [242]    _resposta2
0x032A     [524]    _main
//** Variables locations ** 
//ADDRESS    SIZE    VARIABLE
//----------------------------------------------
0x0000       [1]    SPI1_Write_tmp_L0
0x0000       [1]    FLASH_Erase_64_SaveINTCON_L0
0x0000       [1]    R0
0x0000       [1]    __Lib_SoftI2C_PutZerosToLATSda_temp_sda_L0
0x0000       [1]    __Lib_SoftI2C_PutZerosToLATScl_temp_scl_L0
0x0000       [1]    UART1_Init_tmp_L0
0x0000       [1]    EEPROM_Write_SaveINTCON_L0
0x0001       [1]    UART1_Read___tmp_UART1_Read_L0
0x0001       [2]    FLASH_Read_N_Bytes_i_L0
0x0001       [1]    __Lib_TFT_JPEG_FileReadBytes_Result_L0
0x0001       [1]    FLASH_Erase_Write_64_i_L0
0x0001       [1]    R1
0x0001       [1]    __Lib_TFT_16bit_JPEG_FileReadBytes_Result_L0
0x0001       [1]    __Lib_PS2_Wait_Falling_nsample_L0
0x0001       [1]    ispunct_rslt_L0
0x0001       [1]    __Lib_TFT_16bit_JPEG_FileRead_i_L0
0x0001       [1]    __Lib_TFT_JPEG_FileRead_i_L0
0x0001       [1]    FLASH_Write_32_i_L0
0x0002       [2]    memset_pp_L0
0x0002       [2]    __Lib_TFT_Defs_Read_From_Port_dataPort_L0
0x0002       [2]    __Lib_FT810_alt_memset_pp_L0
0x0002       [2]    __Lib_FT812_alt_memcpy_dd_L0
0x0002       [2]    __Lib_FT800_alt_memset_pp_L0
0x0002       [1]    R2
0x0002       [2]    __Lib_FT800_alt_memcpy_dd_L0
0x0002       [2]    __Lib_FT810_alt_memcpy_dd_L0
0x0002       [2]    memcpy_dd_L0
0x0002       [2]    __Lib_FT810_alt_strlen_cp_L0
0x0002       [1]    FLASH_Write_32_SaveINTCON_L0
0x0002       [2]    __Lib_FT800_alt_strlen_cp_L0
0x0002       [2]    memchr_s_L0
0x0002       [1]    FLASH_Erase_Write_64_j_L0
0x0002       [2]    __Lib_FT812_alt_strlen_cp_L0
0x0002       [2]    __Lib_FT812_alt_memset_pp_L0
0x0002       [2]    strlen_cp_L0
0x0003       [4]    FT800_Canvas_SurrRect_minX_L0
0x0003       [1]    R3
0x0003       [2]    MM_TotalFreeMemSize_Tot_L0
0x0003       [4]    FT810_Canvas_SurrRect_minX_L0
0x0003       [2]    __Lib_MmcFat16_f16_toInt_l_L0
0x0003       [1]    FLASH_Erase_Write_64_SaveINTCON_L0
0x0003       [4]    FT812_Canvas_SurrRect_minX_L0
0x0003       [2]    Ltrim_original_L0
0x0003       [1]    __Lib_Sprinti_?FLOC____Lib_Sprinti_Do_FillT29
0x0003       [2]    memmove_tt_L0
0x0003       [1]    MM_Init_i_L0
0x0004       [2]    memcpy_ss_L0
0x0004       [3]    __Lib_FT812_alt_strlen_const_cp_L0
0x0004       [2]    strcpy_cp_L0
0x0004       [2]    strncat_cp_L0
0x0004       [3]    __Lib_FT810_alt_strlen_const_cp_L0
0x0004       [2]    __Lib_FT800_alt_memcpy_ss_L0
0x0004       [2]    frexp_pom_L0
0x0004       [2]    __Lib_MemManager_MM_GetMemAlign_P_L0
0x0004       [1]    __Lib_Sprinti_?FLOC____Lib_Sprinti_Do_FillT40
0x0004       [2]    strcat_cp_L0
0x0004       [2]    strncpy_cp_L0
0x0004       [2]    __Lib_FT810_alt_memcpy_ss_L0
0x0004       [2]    __Lib_FT812_alt_memcpy_ss_L0
0x0004       [1]    R4
0x0004       [3]    __Lib_FT800_alt_strlen_const_cp_L0
0x0005       [1]    MM_TotalFreeMemSize_i_L0
0x0005       [1]    R5
0x0005       [2]    LongIntToHex_input_half_L0
0x0005       [2]    LongWordToHex_input_half_L0
0x0005       [2]    Ltrim_p_L0
0x0005       [2]    __Lib_TFT_16bit_Defs_Read_From_Port_dataPort_Lo_L0
0x0005       [1]    __Lib_Sprinti_?FLOC____Lib_Sprinti_Do_FillT54
0x0005       [2]    memmove_ff_L0
0x0006       [1]    __Lib_MemManager_MM_GetMemAlign_i_L0
0x0006       [1]    __Lib_Sprinti_?FLOC____Lib_Sprinti_Do_FillT69
0x0006       [1]    R6
0x0007       [4]    FT800_Canvas_SurrRect_minY_L0
0x0007       [1]    __Lib_TFT_16bit_JPEG_GenerateHuffmanTables_bLength_L0
0x0007       [2]    __Lib_TFT_16bit_Defs_Read_From_Port_dataPort_Hi_L0
0x0007       [4]    FT812_Canvas_SurrRect_minY_L0
0x0007       [1]    R7
0x0007       [1]    __Lib_TFT_JPEG_GenerateHuffmanTables_bLength_L0
0x0007       [4]    FT810_Canvas_SurrRect_minY_L0
0x0008       [1]    R8
0x0008       [1]    __Lib_TFT_JPEG_GenerateHuffmanTables_bTable_L0
0x0008       [1]    __Lib_TFT_16bit_JPEG_GenerateHuffmanTables_bTable_L0
0x0009       [4]    __Lib_MmcFat16_f16_toLong_l_L0
0x0009       [1]    R9
0x000A       [1]    R10
0x000B       [1]    R11
0x000B       [4]    FT812_Canvas_SurrRect_maxX_L0
0x000B       [4]    FT810_Canvas_SurrRect_maxX_L0
0x000B       [4]    FT800_Canvas_SurrRect_maxX_L0
0x000C       [1]    R12
0x000D       [1]    R13
0x000E       [1]    R14
0x000F       [4]    FT812_Canvas_SurrRect_maxY_L0
0x000F       [4]    FT810_Canvas_SurrRect_maxY_L0
0x000F       [4]    FT800_Canvas_SurrRect_maxY_L0
0x000F       [1]    R15
0x0010       [1]    R16
0x0011       [1]    R17
0x0012       [1]    R18
0x0013       [1]    R19
0x0014       [1]    R20
0x0015       [2]    _resp
0x0017       [2]    _ft
0x0019       [2]    _rp
0x001B       [2]    _perg
0x001D       [2]    _btj2
0x001F       [2]    _btj1
0x0F80       [1]    PORTA
0x0F81       [1]    PORTB
0x0F82       [1]    PORTC
0x0F83       [1]    PORTD
0x0F92       [1]    TRISA
0x0F93       [1]    TRISB
0x0F94       [1]    TRISC
0x0F95       [1]    TRISD
0x0FC1       [1]    ADCON1
0x0FD0       [1]    RCON
0x0FD5       [1]    T0CON
0x0FD6       [1]    TMR0L
0x0FD7       [1]    TMR0H
0x0FD8       [1]    STATUS
0x0FD9       [1]    FSR2L
0x0FDA       [1]    FSR2H
0x0FDE       [1]    POSTINC2
0x0FE0       [1]    BSR
0x0FE1       [1]    FSR1L
0x0FE2       [1]    FSR1H
0x0FE4       [1]    PREINC1
0x0FE6       [1]    POSTINC1
0x0FE7       [1]    INDF1
0x0FE8       [1]    WREG
0x0FE9       [1]    FSR0L
0x0FEA       [1]    FSR0H
0x0FEE       [1]    POSTINC0
0x0FF0       [1]    INTCON3
0x0FF1       [1]    INTCON2
0x0FF2       [1]    INTCON
0x0FF3       [1]    PRODL
0x0FF4       [1]    PRODH
0x0FF5       [1]    TABLAT
0x0FF6       [1]    TBLPTRL
0x0FF7       [1]    TBLPTRH
0x0FF8       [1]    TBLPTRU
